<?xml version="1.0" encoding="UTF-8"?>
<!-- Generated by org.testng.reporters.JUnitReportReporter -->
<testsuite hostname="LIN25007578" failures="0" tests="2" name="AutomationFinalProject.LoginTest" time="0.009" errors="0" timestamp="09 May 2024 16:18:50 GMT" skipped="0">
  <testcase classname="AutomationFinalProject.LoginTest" name="navigation" time="0.001"/>
  <testcase classname="AutomationFinalProject.LoginTest" name="navigation" time="0.008"/>
</testsuite> <!-- AutomationFinalProject.LoginTest -->
